<?xml version="1.0" encoding="UTF-8"?>
<robot generator="Robot 4.1.3 (Python 3.10.1 on win32)" generated="20211220 13:18:41.938" rpa="false" schemaversion="2">
<suite id="s1" name="Mandiant QA Tests" source="c:\Mandiant-Test\Mandiant_QA_Tests.robot">
<kw name="Create Session" library="RequestsLibrary" type="SETUP">
<arg>requestSession</arg>
<arg>https://countries.trevorblades.com</arg>
<arg>verify=true</arg>
<arg>disable_warnings=1</arg>
<doc>Create Session: create a HTTP session to a server</doc>
<msg timestamp="20211220 13:18:42.158" level="INFO">Creating Session using : alias=requestSession, url=https://countries.trevorblades.com, headers={},                     cookies={}, auth=None, timeout=None, proxies=None, verify=True,                     debug=0 </msg>
<status status="PASS" starttime="20211220 13:18:42.158" endtime="20211220 13:18:42.158"/>
</kw>
<test id="s1-t1" name="Valid Country - IN">
<kw name="Connect And validate Countries GraphQL API">
<arg>IN</arg>
<arg>{"data": {"country": {"name": "India","capital": "New Delhi","currency": "INR"}}}</arg>
<kw name="Convert String to JSON" library="JSONLibrary">
<var>${expected_json}</var>
<arg>${expected}</arg>
<doc>Convert String to JSON object</doc>
<msg timestamp="20211220 13:18:42.160" level="INFO">${expected_json} = {'data': {'country': {'name': 'India', 'capital': 'New Delhi', 'currency': 'INR'}}}</msg>
<status status="PASS" starttime="20211220 13:18:42.159" endtime="20211220 13:18:42.160"/>
</kw>
<kw name="Get Value From Json" library="JSONLibrary">
<var>${expected_country_data}</var>
<arg>${expected_json}</arg>
<arg>$.data.country</arg>
<doc>Get Value From JSON using JSONPath</doc>
<msg timestamp="20211220 13:18:42.177" level="INFO">${expected_country_data} = [{'name': 'India', 'capital': 'New Delhi', 'currency': 'INR'}]</msg>
<status status="PASS" starttime="20211220 13:18:42.160" endtime="20211220 13:18:42.177"/>
</kw>
<kw name="Create Dictionary" library="BuiltIn">
<var>&amp;{input_json}</var>
<arg>query= { country (code: \"${input}\") { name capital currency }}</arg>
<doc>Creates and returns a dictionary based on the given ``items``.</doc>
<msg timestamp="20211220 13:18:42.177" level="INFO">&amp;{input_json} = { query= { country (code: "IN") { name capital currency }} }</msg>
<status status="PASS" starttime="20211220 13:18:42.177" endtime="20211220 13:18:42.177"/>
</kw>
<kw name="POST On Session" library="RequestsLibrary">
<var>${resp}</var>
<arg>requestSession</arg>
<arg>/</arg>
<arg>json=${input_json}</arg>
<doc>Sends a POST request on a previously created HTTP Session.</doc>
<msg timestamp="20211220 13:18:42.620" level="INFO">POST Request : url=https://countries.trevorblades.com/ 
 path_url=/ 
 headers={'User-Agent': 'python-requests/2.26.0', 'Accept-Encoding': 'gzip, deflate', 'Accept': '*/*', 'Connection': 'keep-alive', 'Content-Length': '65', 'Content-Type': 'application/json'} 
 body=b'{"query": " { country (code: \\"IN\\") { name capital currency }}"}' 
 </msg>
<msg timestamp="20211220 13:18:42.620" level="INFO">POST Response : url=https://countries.trevorblades.com/ 
 status=200, reason=OK 
 headers={'access-control-allow-origin': '*', 'content-type': 'application/json; charset=utf-8', 'content-encoding': 'gzip', 'etag': 'W/"4d-d7mSL0hqLtRwkdT0wNE/aRGZznY"', 'date': 'Mon, 20 Dec 2021 19:18:36 GMT', 'connection': 'keep-alive', 'keep-alive': 'timeout=5', 'transfer-encoding': 'chunked', 'server': 'Fly/8fd4924 (2021-12-20)', 'via': '1.1 fly.io', 'fly-request-id': '01FQCMG246Z6TM1EF5HK6AN6SX'} 
 body={"data":{"country":{"name":"India","capital":"New Delhi","currency":"INR"}}}
 
 </msg>
<msg timestamp="20211220 13:18:42.620" level="INFO">${resp} = &lt;Response [200]&gt;</msg>
<status status="PASS" starttime="20211220 13:18:42.177" endtime="20211220 13:18:42.620"/>
</kw>
<kw name="Convert To String" library="BuiltIn">
<var>${string_resp}</var>
<arg>${resp.content}</arg>
<doc>Converts the given item to a Unicode string.</doc>
<msg timestamp="20211220 13:18:42.621" level="INFO">${string_resp} = {"data":{"country":{"name":"India","capital":"New Delhi","currency":"INR"}}}
</msg>
<status status="PASS" starttime="20211220 13:18:42.620" endtime="20211220 13:18:42.621"/>
</kw>
<kw name="Convert String to JSON" library="JSONLibrary">
<var>${actual_json}</var>
<arg>${string_resp}</arg>
<doc>Convert String to JSON object</doc>
<msg timestamp="20211220 13:18:42.621" level="INFO">${actual_json} = {'data': {'country': {'name': 'India', 'capital': 'New Delhi', 'currency': 'INR'}}}</msg>
<status status="PASS" starttime="20211220 13:18:42.621" endtime="20211220 13:18:42.621"/>
</kw>
<kw name="Get Value From Json" library="JSONLibrary">
<var>${actual_country_data}</var>
<arg>${actual_json}</arg>
<arg>$.data.country</arg>
<doc>Get Value From JSON using JSONPath</doc>
<msg timestamp="20211220 13:18:42.636" level="INFO">${actual_country_data} = [{'name': 'India', 'capital': 'New Delhi', 'currency': 'INR'}]</msg>
<status status="PASS" starttime="20211220 13:18:42.621" endtime="20211220 13:18:42.636"/>
</kw>
<kw name="Log" library="BuiltIn">
<arg>${actual_country_data}</arg>
<doc>Logs the given message with the given level.</doc>
<msg timestamp="20211220 13:18:42.636" level="INFO">[{'name': 'India', 'capital': 'New Delhi', 'currency': 'INR'}]</msg>
<status status="PASS" starttime="20211220 13:18:42.636" endtime="20211220 13:18:42.636"/>
</kw>
<kw name="Log" library="BuiltIn">
<arg>${expected_country_data}</arg>
<doc>Logs the given message with the given level.</doc>
<msg timestamp="20211220 13:18:42.636" level="INFO">[{'name': 'India', 'capital': 'New Delhi', 'currency': 'INR'}]</msg>
<status status="PASS" starttime="20211220 13:18:42.636" endtime="20211220 13:18:42.636"/>
</kw>
<kw name="Status Should Be" library="RequestsLibrary">
<arg>200</arg>
<arg>${resp}</arg>
<doc>Fails if response status code is different than the expected.</doc>
<status status="PASS" starttime="20211220 13:18:42.636" endtime="20211220 13:18:42.637"/>
</kw>
<kw name="Should Be Equal" library="BuiltIn">
<arg>${expected_country_data}</arg>
<arg>${actual_country_data}</arg>
<doc>Fails if the given objects are unequal.</doc>
<status status="PASS" starttime="20211220 13:18:42.637" endtime="20211220 13:18:42.637"/>
</kw>
<status status="PASS" starttime="20211220 13:18:42.159" endtime="20211220 13:18:42.637"/>
</kw>
<status status="PASS" starttime="20211220 13:18:42.159" endtime="20211220 13:18:42.637"/>
</test>
<test id="s1-t2" name="Valid County LowerCase - br">
<kw name="Connect And validate Countries GraphQL API">
<arg>br</arg>
<arg>{"data": {"country": null}}</arg>
<kw name="Convert String to JSON" library="JSONLibrary">
<var>${expected_json}</var>
<arg>${expected}</arg>
<doc>Convert String to JSON object</doc>
<msg timestamp="20211220 13:18:42.639" level="INFO">${expected_json} = {'data': {'country': None}}</msg>
<status status="PASS" starttime="20211220 13:18:42.639" endtime="20211220 13:18:42.639"/>
</kw>
<kw name="Get Value From Json" library="JSONLibrary">
<var>${expected_country_data}</var>
<arg>${expected_json}</arg>
<arg>$.data.country</arg>
<doc>Get Value From JSON using JSONPath</doc>
<msg timestamp="20211220 13:18:42.653" level="INFO">${expected_country_data} = [None]</msg>
<status status="PASS" starttime="20211220 13:18:42.639" endtime="20211220 13:18:42.653"/>
</kw>
<kw name="Create Dictionary" library="BuiltIn">
<var>&amp;{input_json}</var>
<arg>query= { country (code: \"${input}\") { name capital currency }}</arg>
<doc>Creates and returns a dictionary based on the given ``items``.</doc>
<msg timestamp="20211220 13:18:42.653" level="INFO">&amp;{input_json} = { query= { country (code: "br") { name capital currency }} }</msg>
<status status="PASS" starttime="20211220 13:18:42.653" endtime="20211220 13:18:42.653"/>
</kw>
<kw name="POST On Session" library="RequestsLibrary">
<var>${resp}</var>
<arg>requestSession</arg>
<arg>/</arg>
<arg>json=${input_json}</arg>
<doc>Sends a POST request on a previously created HTTP Session.</doc>
<msg timestamp="20211220 13:18:42.958" level="INFO">POST Request : url=https://countries.trevorblades.com/ 
 path_url=/ 
 headers={'User-Agent': 'python-requests/2.26.0', 'Accept-Encoding': 'gzip, deflate', 'Accept': '*/*', 'Connection': 'keep-alive', 'Content-Length': '65', 'Content-Type': 'application/json'} 
 body=b'{"query": " { country (code: \\"br\\") { name capital currency }}"}' 
 </msg>
<msg timestamp="20211220 13:18:42.959" level="INFO">POST Response : url=https://countries.trevorblades.com/ 
 status=200, reason=OK 
 headers={'access-control-allow-origin': '*', 'content-type': 'application/json; charset=utf-8', 'content-encoding': 'gzip', 'etag': 'W/"1a-A07NJelh5R/sRSZVzKLrSp6w9jU"', 'date': 'Mon, 20 Dec 2021 19:18:36 GMT', 'connection': 'keep-alive', 'keep-alive': 'timeout=5', 'transfer-encoding': 'chunked', 'server': 'Fly/8fd4924 (2021-12-20)', 'via': '1.1 fly.io', 'fly-request-id': '01FQCMG2D6MXZ8J19RRDRA4JXF'} 
 body={"data":{"country":null}}
 
 </msg>
<msg timestamp="20211220 13:18:42.959" level="INFO">${resp} = &lt;Response [200]&gt;</msg>
<status status="PASS" starttime="20211220 13:18:42.653" endtime="20211220 13:18:42.959"/>
</kw>
<kw name="Convert To String" library="BuiltIn">
<var>${string_resp}</var>
<arg>${resp.content}</arg>
<doc>Converts the given item to a Unicode string.</doc>
<msg timestamp="20211220 13:18:42.959" level="INFO">${string_resp} = {"data":{"country":null}}
</msg>
<status status="PASS" starttime="20211220 13:18:42.959" endtime="20211220 13:18:42.959"/>
</kw>
<kw name="Convert String to JSON" library="JSONLibrary">
<var>${actual_json}</var>
<arg>${string_resp}</arg>
<doc>Convert String to JSON object</doc>
<msg timestamp="20211220 13:18:42.960" level="INFO">${actual_json} = {'data': {'country': None}}</msg>
<status status="PASS" starttime="20211220 13:18:42.959" endtime="20211220 13:18:42.960"/>
</kw>
<kw name="Get Value From Json" library="JSONLibrary">
<var>${actual_country_data}</var>
<arg>${actual_json}</arg>
<arg>$.data.country</arg>
<doc>Get Value From JSON using JSONPath</doc>
<msg timestamp="20211220 13:18:42.974" level="INFO">${actual_country_data} = [None]</msg>
<status status="PASS" starttime="20211220 13:18:42.960" endtime="20211220 13:18:42.974"/>
</kw>
<kw name="Log" library="BuiltIn">
<arg>${actual_country_data}</arg>
<doc>Logs the given message with the given level.</doc>
<msg timestamp="20211220 13:18:42.975" level="INFO">[None]</msg>
<status status="PASS" starttime="20211220 13:18:42.974" endtime="20211220 13:18:42.975"/>
</kw>
<kw name="Log" library="BuiltIn">
<arg>${expected_country_data}</arg>
<doc>Logs the given message with the given level.</doc>
<msg timestamp="20211220 13:18:42.975" level="INFO">[None]</msg>
<status status="PASS" starttime="20211220 13:18:42.975" endtime="20211220 13:18:42.975"/>
</kw>
<kw name="Status Should Be" library="RequestsLibrary">
<arg>200</arg>
<arg>${resp}</arg>
<doc>Fails if response status code is different than the expected.</doc>
<status status="PASS" starttime="20211220 13:18:42.975" endtime="20211220 13:18:42.975"/>
</kw>
<kw name="Should Be Equal" library="BuiltIn">
<arg>${expected_country_data}</arg>
<arg>${actual_country_data}</arg>
<doc>Fails if the given objects are unequal.</doc>
<status status="PASS" starttime="20211220 13:18:42.975" endtime="20211220 13:18:42.975"/>
</kw>
<status status="PASS" starttime="20211220 13:18:42.639" endtime="20211220 13:18:42.975"/>
</kw>
<status status="PASS" starttime="20211220 13:18:42.638" endtime="20211220 13:18:42.976"/>
</test>
<test id="s1-t3" name="Invalid Country - WW">
<kw name="Connect And validate Countries GraphQL API">
<arg>WW</arg>
<arg>{"data": {"country": null}}</arg>
<kw name="Convert String to JSON" library="JSONLibrary">
<var>${expected_json}</var>
<arg>${expected}</arg>
<doc>Convert String to JSON object</doc>
<msg timestamp="20211220 13:18:42.977" level="INFO">${expected_json} = {'data': {'country': None}}</msg>
<status status="PASS" starttime="20211220 13:18:42.977" endtime="20211220 13:18:42.977"/>
</kw>
<kw name="Get Value From Json" library="JSONLibrary">
<var>${expected_country_data}</var>
<arg>${expected_json}</arg>
<arg>$.data.country</arg>
<doc>Get Value From JSON using JSONPath</doc>
<msg timestamp="20211220 13:18:42.991" level="INFO">${expected_country_data} = [None]</msg>
<status status="PASS" starttime="20211220 13:18:42.977" endtime="20211220 13:18:42.991"/>
</kw>
<kw name="Create Dictionary" library="BuiltIn">
<var>&amp;{input_json}</var>
<arg>query= { country (code: \"${input}\") { name capital currency }}</arg>
<doc>Creates and returns a dictionary based on the given ``items``.</doc>
<msg timestamp="20211220 13:18:42.991" level="INFO">&amp;{input_json} = { query= { country (code: "WW") { name capital currency }} }</msg>
<status status="PASS" starttime="20211220 13:18:42.991" endtime="20211220 13:18:42.991"/>
</kw>
<kw name="POST On Session" library="RequestsLibrary">
<var>${resp}</var>
<arg>requestSession</arg>
<arg>/</arg>
<arg>json=${input_json}</arg>
<doc>Sends a POST request on a previously created HTTP Session.</doc>
<msg timestamp="20211220 13:18:43.050" level="INFO">POST Request : url=https://countries.trevorblades.com/ 
 path_url=/ 
 headers={'User-Agent': 'python-requests/2.26.0', 'Accept-Encoding': 'gzip, deflate', 'Accept': '*/*', 'Connection': 'keep-alive', 'Content-Length': '65', 'Content-Type': 'application/json'} 
 body=b'{"query": " { country (code: \\"WW\\") { name capital currency }}"}' 
 </msg>
<msg timestamp="20211220 13:18:43.050" level="INFO">POST Response : url=https://countries.trevorblades.com/ 
 status=200, reason=OK 
 headers={'access-control-allow-origin': '*', 'content-type': 'application/json; charset=utf-8', 'content-encoding': 'gzip', 'etag': 'W/"1a-A07NJelh5R/sRSZVzKLrSp6w9jU"', 'date': 'Mon, 20 Dec 2021 19:18:37 GMT', 'connection': 'keep-alive', 'keep-alive': 'timeout=5', 'transfer-encoding': 'chunked', 'server': 'Fly/8fd4924 (2021-12-20)', 'via': '1.1 fly.io', 'fly-request-id': '01FQCMG2QEPPF7JBEZZJ7R2HGT'} 
 body={"data":{"country":null}}
 
 </msg>
<msg timestamp="20211220 13:18:43.050" level="INFO">${resp} = &lt;Response [200]&gt;</msg>
<status status="PASS" starttime="20211220 13:18:42.992" endtime="20211220 13:18:43.050"/>
</kw>
<kw name="Convert To String" library="BuiltIn">
<var>${string_resp}</var>
<arg>${resp.content}</arg>
<doc>Converts the given item to a Unicode string.</doc>
<msg timestamp="20211220 13:18:43.051" level="INFO">${string_resp} = {"data":{"country":null}}
</msg>
<status status="PASS" starttime="20211220 13:18:43.050" endtime="20211220 13:18:43.051"/>
</kw>
<kw name="Convert String to JSON" library="JSONLibrary">
<var>${actual_json}</var>
<arg>${string_resp}</arg>
<doc>Convert String to JSON object</doc>
<msg timestamp="20211220 13:18:43.051" level="INFO">${actual_json} = {'data': {'country': None}}</msg>
<status status="PASS" starttime="20211220 13:18:43.051" endtime="20211220 13:18:43.051"/>
</kw>
<kw name="Get Value From Json" library="JSONLibrary">
<var>${actual_country_data}</var>
<arg>${actual_json}</arg>
<arg>$.data.country</arg>
<doc>Get Value From JSON using JSONPath</doc>
<msg timestamp="20211220 13:18:43.072" level="INFO">${actual_country_data} = [None]</msg>
<status status="PASS" starttime="20211220 13:18:43.051" endtime="20211220 13:18:43.072"/>
</kw>
<kw name="Log" library="BuiltIn">
<arg>${actual_country_data}</arg>
<doc>Logs the given message with the given level.</doc>
<msg timestamp="20211220 13:18:43.073" level="INFO">[None]</msg>
<status status="PASS" starttime="20211220 13:18:43.072" endtime="20211220 13:18:43.073"/>
</kw>
<kw name="Log" library="BuiltIn">
<arg>${expected_country_data}</arg>
<doc>Logs the given message with the given level.</doc>
<msg timestamp="20211220 13:18:43.073" level="INFO">[None]</msg>
<status status="PASS" starttime="20211220 13:18:43.073" endtime="20211220 13:18:43.073"/>
</kw>
<kw name="Status Should Be" library="RequestsLibrary">
<arg>200</arg>
<arg>${resp}</arg>
<doc>Fails if response status code is different than the expected.</doc>
<status status="PASS" starttime="20211220 13:18:43.073" endtime="20211220 13:18:43.074"/>
</kw>
<kw name="Should Be Equal" library="BuiltIn">
<arg>${expected_country_data}</arg>
<arg>${actual_country_data}</arg>
<doc>Fails if the given objects are unequal.</doc>
<status status="PASS" starttime="20211220 13:18:43.074" endtime="20211220 13:18:43.074"/>
</kw>
<status status="PASS" starttime="20211220 13:18:42.976" endtime="20211220 13:18:43.074"/>
</kw>
<status status="PASS" starttime="20211220 13:18:42.976" endtime="20211220 13:18:43.074"/>
</test>
<doc>Mandiant QA Test</doc>
<status status="PASS" starttime="20211220 13:18:41.943" endtime="20211220 13:18:43.075"/>
</suite>
<statistics>
<total>
<stat pass="3" fail="0" skip="0">All Tests</stat>
</total>
<tag>
</tag>
<suite>
<stat pass="3" fail="0" skip="0" id="s1" name="Mandiant QA Tests">Mandiant QA Tests</stat>
</suite>
</statistics>
<errors>
</errors>
</robot>
